==========================================
🚀 BACKEND INTEGRATION TEST SUITE
==========================================

[0;34mℹ️  Starting test run from test 11 to 25[0m
[0;34mℹ️  Total tests to run: 15[0m
[0;34mℹ️  🚀 Running Test 11: test_sync_gallery_memories.sh[0m
[0;34mℹ️     Test sync_gallery_memories endpoint[0m
[0;34mℹ️     Path: general/test_sync_gallery_memories.sh[0m
[0;32m✅ Test 11 PASSED (took 10s)[0m
[0;34mℹ️  🚀 Running Test 12: test_gallery_crud.sh[0m
[0;34mℹ️     Test gallery CRUD operations[0m
[0;34mℹ️     Path: shared-capsule/galleries/test_gallery_crud.sh[0m
[0;31m❌ Test 12 FAILED (took 67s)[0m
[0;31m❌ Test 12 failed - stopping execution[0m
[0;34mℹ️  To resume later, run: ./run_all_tests.sh --resume[0m
[0;34mℹ️  To start from specific test, run: ./run_all_tests.sh --start-from 12[0m
==========================================
📊 TEST SUMMARY
==========================================

[0;31m❌ ❌ SOME TESTS FAILED[0m
[0;34mℹ️  Passed: 1, Failed: 1[0m
[0;34mℹ️  Last completed test: 11[0m
[0;34mℹ️  State saved to: /Users/stefano/Documents/Code/Futura/futura_alpha_icp/scripts/tests/backend/.test_state[0m
[0;34mℹ️  Log saved to: /Users/stefano/Documents/Code/Futura/futura_alpha_icp/scripts/tests/backend/logs/test_run_20250904_220210.log[0m
[0;34mℹ️  To resume: ./run_all_tests.sh --resume[0m
