==========================================
üöÄ BACKEND INTEGRATION TEST SUITE
==========================================

[0;34m‚ÑπÔ∏è  Starting test run from test 11 to 25[0m
[0;34m‚ÑπÔ∏è  Total tests to run: 15[0m
[0;34m‚ÑπÔ∏è  üöÄ Running Test 11: test_sync_gallery_memories.sh[0m
[0;34m‚ÑπÔ∏è     Test sync_gallery_memories endpoint[0m
[0;34m‚ÑπÔ∏è     Path: general/test_sync_gallery_memories.sh[0m
[0;31m‚ùå Test 11 FAILED (took 20s)[0m
[0;31m‚ùå Test 11 failed - stopping execution[0m
[0;34m‚ÑπÔ∏è  To resume later, run: ./run_all_tests.sh --resume[0m
[0;34m‚ÑπÔ∏è  To start from specific test, run: ./run_all_tests.sh --start-from 11[0m
==========================================
üìä TEST SUMMARY
==========================================

[0;31m‚ùå ‚ùå SOME TESTS FAILED[0m
[0;34m‚ÑπÔ∏è  Passed: 0, Failed: 1[0m
[0;34m‚ÑπÔ∏è  Last completed test: 10[0m
[0;34m‚ÑπÔ∏è  State saved to: /Users/stefano/Documents/Code/Futura/futura_alpha_icp/scripts/tests/backend/.test_state[0m
[0;34m‚ÑπÔ∏è  Log saved to: /Users/stefano/Documents/Code/Futura/futura_alpha_icp/scripts/tests/backend/logs/test_run_20250904_192839.log[0m
[0;34m‚ÑπÔ∏è  To resume: ./run_all_tests.sh --resume[0m
