==========================================
ğŸš€ BACKEND INTEGRATION TEST SUITE
==========================================

[0;34mâ„¹ï¸  Starting test run from test 11 to 25[0m
[0;34mâ„¹ï¸  Total tests to run: 15[0m
[0;34mâ„¹ï¸  ğŸš€ Running Test 11: test_sync_gallery_memories.sh[0m
[0;34mâ„¹ï¸     Test sync_gallery_memories endpoint[0m
[0;34mâ„¹ï¸     Path: general/test_sync_gallery_memories.sh[0m
[0;32mâœ… Test 11 PASSED (took 10s)[0m
[0;34mâ„¹ï¸  ğŸš€ Running Test 12: test_gallery_crud.sh[0m
[0;34mâ„¹ï¸     Test gallery CRUD operations[0m
[0;34mâ„¹ï¸     Path: shared-capsule/galleries/test_gallery_crud.sh[0m
[0;31mâŒ Test 12 FAILED (took 67s)[0m
[0;31mâŒ Test 12 failed - stopping execution[0m
[0;34mâ„¹ï¸  To resume later, run: ./run_all_tests.sh --resume[0m
[0;34mâ„¹ï¸  To start from specific test, run: ./run_all_tests.sh --start-from 12[0m
==========================================
ğŸ“Š TEST SUMMARY
==========================================

[0;31mâŒ âŒ SOME TESTS FAILED[0m
[0;34mâ„¹ï¸  Passed: 1, Failed: 1[0m
[0;34mâ„¹ï¸  Last completed test: 11[0m
[0;34mâ„¹ï¸  State saved to: /Users/stefano/Documents/Code/Futura/futura_alpha_icp/scripts/tests/backend/.test_state[0m
[0;34mâ„¹ï¸  Log saved to: /Users/stefano/Documents/Code/Futura/futura_alpha_icp/scripts/tests/backend/logs/test_run_20250904_220210.log[0m
[0;34mâ„¹ï¸  To resume: ./run_all_tests.sh --resume[0m
